
*** Running vivado
    with args -log xfft_1.vds -m64 -product Vivado -mode batch -messageDb vivado.pb -notrace -source xfft_1.tcl



****** Vivado v2024.1 (64-bit)
  **** SW Build 5076996 on Wed May 22 18:37:14 MDT 2024
  **** IP Build 5075265 on Wed May 22 21:45:21 MDT 2024
  **** SharedData Build 5076995 on Wed May 22 18:29:18 MDT 2024
  **** Start of session at: Tue Nov 26 21:06:19 2024
    ** Copyright 1986-2022 Xilinx, Inc. All Rights Reserved.
    ** Copyright 2022-2024 Advanced Micro Devices, Inc. All Rights Reserved.

source xfft_1.tcl -notrace
WARNING: [Common 17-1361] You have specified a new message control rule that is equivalent to an existing rule with attributes ' -id {17-179}  -suppress '. The existing rule will be replaced.
WARNING: [Common 17-1361] You have specified a new message control rule that is equivalent to an existing rule with attributes ' -id {17-179}  -suppress '. The existing rule will be replaced.
WARNING: [Common 17-1361] You have specified a new message control rule that is equivalent to an existing rule with attributes ' -id {17-179}  -suppress '. The existing rule will be replaced.
create_project: Time (s): cpu = 00:00:08 ; elapsed = 00:00:09 . Memory (MB): peak = 513.105 ; gain = 200.613
INFO: [IP_Flow 19-234] Refreshing IP repositories
WARNING: [IP_Flow 19-2248] Failed to load user IP repository 'd:/WorkBORI/Basys-3/hw/repo'; Can't find the specified path.
If this directory should no longer be in your list of user repositories, go to the IP Settings dialog and remove it.
INFO: [IP_Flow 19-2313] Loaded Vivado IP repository 'C:/Xilinx/Vivado/2024.1/data/ip'.
INFO: [IP_Flow 19-6924] IPCACHE: Running cache check for IP inst: xfft_1
Command: synth_design -top xfft_1 -part xc7a35tcpg236-1 -incremental_mode off -mode out_of_context
Starting synth_design
Attempting to get a license for feature 'Synthesis' and/or device 'xc7a35t'
INFO: [Common 17-349] Got license for feature 'Synthesis' and/or device 'xc7a35t'
INFO: [Device 21-403] Loading part xc7a35tcpg236-1
INFO: [Device 21-9227] Part: xc7a35tcpg236-1 does not have CEAM library.
INFO: [Synth 8-7079] Multithreading enabled for synth_design using a maximum of 2 processes.
INFO: [Synth 8-7078] Launching helper process for spawning children vivado processes
WARNING: [Common 17-1361] You have specified a new message control rule that is equivalent to an existing rule with attributes ' -id {17-179}  -suppress '. The existing rule will be replaced.
INFO: [Synth 8-7075] Helper process launched with PID 22352
---------------------------------------------------------------------------------
Starting RTL Elaboration : Time (s): cpu = 00:00:13 ; elapsed = 00:00:15 . Memory (MB): peak = 1379.035 ; gain = 449.699
---------------------------------------------------------------------------------
INFO: [Synth 8-638] synthesizing module 'xfft_1' [c:/Users/adria/vivadoAndrea/proyectoDigitales2/proyectoDigitales2.gen/sources_1/ip/xfft_1/synth/xfft_1.vhd:83]
	Parameter C_XDEVICEFAMILY bound to: artix7 - type: string 
	Parameter C_PART bound to: xc7a35tcpg236-1 - type: string 
	Parameter C_S_AXIS_CONFIG_TDATA_WIDTH bound to: 8 - type: integer 
	Parameter C_S_AXIS_DATA_TDATA_WIDTH bound to: 16 - type: integer 
	Parameter C_M_AXIS_DATA_TDATA_WIDTH bound to: 16 - type: integer 
	Parameter C_M_AXIS_DATA_TUSER_WIDTH bound to: 1 - type: integer 
	Parameter C_M_AXIS_STATUS_TDATA_WIDTH bound to: 1 - type: integer 
	Parameter C_THROTTLE_SCHEME bound to: 1 - type: integer 
	Parameter C_NSSR bound to: 1 - type: integer 
	Parameter C_CHANNELS bound to: 1 - type: integer 
	Parameter C_NFFT_MAX bound to: 5 - type: integer 
	Parameter C_ARCH bound to: 3 - type: integer 
	Parameter C_HAS_NFFT bound to: 0 - type: integer 
	Parameter C_USE_FLT_PT bound to: 0 - type: integer 
	Parameter C_INPUT_WIDTH bound to: 8 - type: integer 
	Parameter C_TWIDDLE_WIDTH bound to: 8 - type: integer 
	Parameter C_OUTPUT_WIDTH bound to: 8 - type: integer 
	Parameter C_HAS_SCALING bound to: 1 - type: integer 
	Parameter C_HAS_BFP bound to: 0 - type: integer 
	Parameter C_HAS_ROUNDING bound to: 0 - type: integer 
	Parameter C_HAS_ACLKEN bound to: 0 - type: integer 
	Parameter C_HAS_ARESETN bound to: 1 - type: integer 
	Parameter C_HAS_OVFLO bound to: 0 - type: integer 
	Parameter C_HAS_NATURAL_INPUT bound to: 1 - type: integer 
	Parameter C_HAS_NATURAL_OUTPUT bound to: 1 - type: integer 
	Parameter C_HAS_CYCLIC_PREFIX bound to: 0 - type: integer 
	Parameter C_HAS_XK_INDEX bound to: 0 - type: integer 
	Parameter C_DATA_MEM_TYPE bound to: 1 - type: integer 
	Parameter C_TWIDDLE_MEM_TYPE bound to: 1 - type: integer 
	Parameter C_BRAM_STAGES bound to: 0 - type: integer 
	Parameter C_REORDER_MEM_TYPE bound to: 1 - type: integer 
	Parameter C_USE_HYBRID_RAM bound to: 0 - type: integer 
	Parameter C_OPTIMIZE_GOAL bound to: 0 - type: integer 
	Parameter C_CMPY_TYPE bound to: 1 - type: integer 
	Parameter C_BFLY_TYPE bound to: 0 - type: integer 
	Parameter C_SYSTOLICFFT_INV bound to: 0 - type: integer 
INFO: [Synth 8-3491] module 'xfft_v9_1_12' declared at 'c:/Users/adria/vivadoAndrea/proyectoDigitales2/proyectoDigitales2.gen/sources_1/ip/xfft_1/hdl/xfft_v9_1.vhd:58' bound to instance 'U0' of component 'xfft_v9_1_12' [c:/Users/adria/vivadoAndrea/proyectoDigitales2/proyectoDigitales2.gen/sources_1/ip/xfft_1/synth/xfft_1.vhd:193]
INFO: [Synth 8-256] done synthesizing module 'xfft_1' (0#1) [c:/Users/adria/vivadoAndrea/proyectoDigitales2/proyectoDigitales2.gen/sources_1/ip/xfft_1/synth/xfft_1.vhd:83]
WARNING: [Synth 8-7129] Port Q[0] in module shift_ram__parameterized12 is either unconnected or has no load
WARNING: [Synth 8-7129] Port D[0] in module shift_ram__parameterized12 is either unconnected or has no load
WARNING: [Synth 8-7129] Port CLK in module shift_ram__parameterized12 is either unconnected or has no load
WARNING: [Synth 8-7129] Port CE in module shift_ram__parameterized12 is either unconnected or has no load
WARNING: [Synth 8-7129] Port SCLR in module shift_ram__parameterized12 is either unconnected or has no load
WARNING: [Synth 8-7129] Port COMBI_SCLR in module shift_ram__parameterized12 is either unconnected or has no load
WARNING: [Synth 8-7129] Port DEPTHx2 in module shift_ram__parameterized12 is either unconnected or has no load
WARNING: [Synth 8-7129] Port a[3] in module c_shift_ram_v12_0_17_legacy__parameterized9 is either unconnected or has no load
WARNING: [Synth 8-7129] Port a[2] in module c_shift_ram_v12_0_17_legacy__parameterized9 is either unconnected or has no load
WARNING: [Synth 8-7129] Port a[1] in module c_shift_ram_v12_0_17_legacy__parameterized9 is either unconnected or has no load
WARNING: [Synth 8-7129] Port a[0] in module c_shift_ram_v12_0_17_legacy__parameterized9 is either unconnected or has no load
WARNING: [Synth 8-7129] Port aclr in module c_shift_ram_v12_0_17_legacy__parameterized9 is either unconnected or has no load
WARNING: [Synth 8-7129] Port aset in module c_shift_ram_v12_0_17_legacy__parameterized9 is either unconnected or has no load
WARNING: [Synth 8-7129] Port ainit in module c_shift_ram_v12_0_17_legacy__parameterized9 is either unconnected or has no load
WARNING: [Synth 8-7129] Port sclr in module c_shift_ram_v12_0_17_legacy__parameterized9 is either unconnected or has no load
WARNING: [Synth 8-7129] Port sset in module c_shift_ram_v12_0_17_legacy__parameterized9 is either unconnected or has no load
WARNING: [Synth 8-7129] Port sinit in module c_shift_ram_v12_0_17_legacy__parameterized9 is either unconnected or has no load
WARNING: [Synth 8-7129] Port D[0] in module shift_ram__parameterized39 is either unconnected or has no load
WARNING: [Synth 8-7129] Port DEPTHx2 in module shift_ram__parameterized39 is either unconnected or has no load
WARNING: [Synth 8-7129] Port D[15] in module shift_ram__parameterized57 is either unconnected or has no load
WARNING: [Synth 8-7129] Port D[14] in module shift_ram__parameterized57 is either unconnected or has no load
WARNING: [Synth 8-7129] Port D[13] in module shift_ram__parameterized57 is either unconnected or has no load
WARNING: [Synth 8-7129] Port D[12] in module shift_ram__parameterized57 is either unconnected or has no load
WARNING: [Synth 8-7129] Port D[11] in module shift_ram__parameterized57 is either unconnected or has no load
WARNING: [Synth 8-7129] Port D[10] in module shift_ram__parameterized57 is either unconnected or has no load
WARNING: [Synth 8-7129] Port D[9] in module shift_ram__parameterized57 is either unconnected or has no load
WARNING: [Synth 8-7129] Port D[8] in module shift_ram__parameterized57 is either unconnected or has no load
WARNING: [Synth 8-7129] Port D[7] in module shift_ram__parameterized57 is either unconnected or has no load
WARNING: [Synth 8-7129] Port D[6] in module shift_ram__parameterized57 is either unconnected or has no load
WARNING: [Synth 8-7129] Port D[5] in module shift_ram__parameterized57 is either unconnected or has no load
WARNING: [Synth 8-7129] Port D[4] in module shift_ram__parameterized57 is either unconnected or has no load
WARNING: [Synth 8-7129] Port D[3] in module shift_ram__parameterized57 is either unconnected or has no load
WARNING: [Synth 8-7129] Port D[2] in module shift_ram__parameterized57 is either unconnected or has no load
WARNING: [Synth 8-7129] Port D[1] in module shift_ram__parameterized57 is either unconnected or has no load
WARNING: [Synth 8-7129] Port D[0] in module shift_ram__parameterized57 is either unconnected or has no load
WARNING: [Synth 8-7129] Port DEPTHx2 in module shift_ram__parameterized57 is either unconnected or has no load
WARNING: [Synth 8-7129] Port a[3] in module c_shift_ram_v12_0_17_legacy is either unconnected or has no load
WARNING: [Synth 8-7129] Port a[2] in module c_shift_ram_v12_0_17_legacy is either unconnected or has no load
WARNING: [Synth 8-7129] Port a[1] in module c_shift_ram_v12_0_17_legacy is either unconnected or has no load
WARNING: [Synth 8-7129] Port a[0] in module c_shift_ram_v12_0_17_legacy is either unconnected or has no load
WARNING: [Synth 8-7129] Port aclr in module c_shift_ram_v12_0_17_legacy is either unconnected or has no load
WARNING: [Synth 8-7129] Port aset in module c_shift_ram_v12_0_17_legacy is either unconnected or has no load
WARNING: [Synth 8-7129] Port ainit in module c_shift_ram_v12_0_17_legacy is either unconnected or has no load
WARNING: [Synth 8-7129] Port sclr in module c_shift_ram_v12_0_17_legacy is either unconnected or has no load
WARNING: [Synth 8-7129] Port sset in module c_shift_ram_v12_0_17_legacy is either unconnected or has no load
WARNING: [Synth 8-7129] Port sinit in module c_shift_ram_v12_0_17_legacy is either unconnected or has no load
WARNING: [Synth 8-7129] Port D[0] in module shift_ram__parameterized55 is either unconnected or has no load
WARNING: [Synth 8-7129] Port DEPTHx2 in module shift_ram__parameterized55 is either unconnected or has no load
WARNING: [Synth 8-7129] Port D1 in module shift_ram__parameterized54 is either unconnected or has no load
WARNING: [Synth 8-7129] Port DEPTHx2 in module shift_ram__parameterized54 is either unconnected or has no load
WARNING: [Synth 8-7129] Port depthx2 in module r22_memory is either unconnected or has no load
WARNING: [Synth 8-7129] Port Q1 in module shift_ram__parameterized53 is either unconnected or has no load
WARNING: [Synth 8-7129] Port D1 in module shift_ram__parameterized53 is either unconnected or has no load
WARNING: [Synth 8-7129] Port COMBI_SCLR in module shift_ram__parameterized53 is either unconnected or has no load
WARNING: [Synth 8-7129] Port DEPTHx2 in module shift_ram__parameterized53 is either unconnected or has no load
WARNING: [Synth 8-7129] Port D1 in module shift_ram__parameterized50 is either unconnected or has no load
WARNING: [Synth 8-7129] Port DEPTHx2 in module shift_ram__parameterized50 is either unconnected or has no load
WARNING: [Synth 8-7129] Port D[0] in module shift_ram__parameterized13 is either unconnected or has no load
WARNING: [Synth 8-7129] Port SCLR in module shift_ram__parameterized13 is either unconnected or has no load
WARNING: [Synth 8-7129] Port COMBI_SCLR in module shift_ram__parameterized13 is either unconnected or has no load
WARNING: [Synth 8-7129] Port DEPTHx2 in module shift_ram__parameterized13 is either unconnected or has no load
WARNING: [Synth 8-7129] Port Q1 in module shift_ram__parameterized52 is either unconnected or has no load
WARNING: [Synth 8-7129] Port D1 in module shift_ram__parameterized52 is either unconnected or has no load
WARNING: [Synth 8-7129] Port CLK in module shift_ram__parameterized52 is either unconnected or has no load
WARNING: [Synth 8-7129] Port CE in module shift_ram__parameterized52 is either unconnected or has no load
WARNING: [Synth 8-7129] Port SCLR in module shift_ram__parameterized52 is either unconnected or has no load
WARNING: [Synth 8-7129] Port COMBI_SCLR in module shift_ram__parameterized52 is either unconnected or has no load
WARNING: [Synth 8-7129] Port DEPTHx2 in module shift_ram__parameterized52 is either unconnected or has no load
WARNING: [Synth 8-7129] Port D1 in module shift_ram__parameterized51 is either unconnected or has no load
WARNING: [Synth 8-7129] Port SCLR in module shift_ram__parameterized51 is either unconnected or has no load
WARNING: [Synth 8-7129] Port COMBI_SCLR in module shift_ram__parameterized51 is either unconnected or has no load
WARNING: [Synth 8-7129] Port DEPTHx2 in module shift_ram__parameterized51 is either unconnected or has no load
WARNING: [Synth 8-7129] Port D[0] in module shift_ram__parameterized17 is either unconnected or has no load
WARNING: [Synth 8-7129] Port COMBI_SCLR in module shift_ram__parameterized17 is either unconnected or has no load
WARNING: [Synth 8-7129] Port DEPTHx2 in module shift_ram__parameterized17 is either unconnected or has no load
WARNING: [Synth 8-7129] Port MUXCY_IN in module equ_rtl is either unconnected or has no load
WARNING: [Synth 8-7129] Port AINIT in module c_reg_fd_v12_0_9_viv is either unconnected or has no load
WARNING: [Synth 8-7129] Port ACLR in module c_reg_fd_v12_0_9_viv is either unconnected or has no load
WARNING: [Synth 8-7129] Port ASET in module c_reg_fd_v12_0_9_viv is either unconnected or has no load
WARNING: [Synth 8-7129] Port SINIT in module c_reg_fd_v12_0_9_viv is either unconnected or has no load
WARNING: [Synth 8-7129] Port SSET in module c_reg_fd_v12_0_9_viv is either unconnected or has no load
WARNING: [Synth 8-7129] Port add in module c_addsub_v12_0_18_lut6_legacy__parameterized9 is either unconnected or has no load
WARNING: [Synth 8-7129] Port bypass in module c_addsub_v12_0_18_lut6_legacy__parameterized9 is either unconnected or has no load
WARNING: [Synth 8-7129] Port sset in module c_addsub_v12_0_18_lut6_legacy__parameterized9 is either unconnected or has no load
WARNING: [Synth 8-7129] Port sinit in module c_addsub_v12_0_18_lut6_legacy__parameterized9 is either unconnected or has no load
WARNING: [Synth 8-7129] Port b_in in module c_addsub_v12_0_18_legacy__parameterized9 is either unconnected or has no load
WARNING: [Synth 8-7129] Port a_signed in module c_addsub_v12_0_18_legacy__parameterized9 is either unconnected or has no load
WARNING: [Synth 8-7129] Port b_signed in module c_addsub_v12_0_18_legacy__parameterized9 is either unconnected or has no load
WARNING: [Synth 8-7129] Port MAX[4] in module cnt_tc_rtl_a is either unconnected or has no load
WARNING: [Synth 8-7129] Port MAX[3] in module cnt_tc_rtl_a is either unconnected or has no load
WARNING: [Synth 8-7129] Port MAX[2] in module cnt_tc_rtl_a is either unconnected or has no load
WARNING: [Synth 8-7129] Port MAX[1] in module cnt_tc_rtl_a is either unconnected or has no load
WARNING: [Synth 8-7129] Port MAX[0] in module cnt_tc_rtl_a is either unconnected or has no load
WARNING: [Synth 8-7129] Port LOAD[4] in module cnt_tc_rtl_a is either unconnected or has no load
WARNING: [Synth 8-7129] Port LOAD[3] in module cnt_tc_rtl_a is either unconnected or has no load
WARNING: [Synth 8-7129] Port LOAD[2] in module cnt_tc_rtl_a is either unconnected or has no load
WARNING: [Synth 8-7129] Port LOAD[1] in module cnt_tc_rtl_a is either unconnected or has no load
WARNING: [Synth 8-7129] Port LOAD[0] in module cnt_tc_rtl_a is either unconnected or has no load
WARNING: [Synth 8-7129] Port LOAD_EN in module cnt_tc_rtl_a is either unconnected or has no load
WARNING: [Synth 8-7129] Port NFFT[4] in module r22_cnt_ctrl is either unconnected or has no load
INFO: [Common 17-14] Message 'Synth 8-7129' appears 100 times and further instances of the messages will be disabled. Use the Tcl command set_msg_config to change the current settings.
---------------------------------------------------------------------------------
Finished RTL Elaboration : Time (s): cpu = 00:01:28 ; elapsed = 00:01:36 . Memory (MB): peak = 2773.430 ; gain = 1844.094
---------------------------------------------------------------------------------
---------------------------------------------------------------------------------
Start Handling Custom Attributes
---------------------------------------------------------------------------------
---------------------------------------------------------------------------------
Finished Handling Custom Attributes : Time (s): cpu = 00:01:28 ; elapsed = 00:01:36 . Memory (MB): peak = 2773.430 ; gain = 1844.094
---------------------------------------------------------------------------------
---------------------------------------------------------------------------------
Finished RTL Optimization Phase 1 : Time (s): cpu = 00:01:28 ; elapsed = 00:01:36 . Memory (MB): peak = 2773.430 ; gain = 1844.094
---------------------------------------------------------------------------------
Netlist sorting complete. Time (s): cpu = 00:00:00 ; elapsed = 00:00:00.102 . Memory (MB): peak = 2773.430 ; gain = 0.000
INFO: [Netlist 29-17] Analyzing 514 Unisim elements for replacement
INFO: [Netlist 29-28] Unisim Transformation completed in 0 CPU seconds
INFO: [Project 1-570] Preparing netlist for logic optimization

Processing XDC Constraints
Initializing timing engine
Parsing XDC File [c:/Users/adria/vivadoAndrea/proyectoDigitales2/proyectoDigitales2.gen/sources_1/ip/xfft_1/xfft_1_ooc.xdc] for cell 'U0'
Finished Parsing XDC File [c:/Users/adria/vivadoAndrea/proyectoDigitales2/proyectoDigitales2.gen/sources_1/ip/xfft_1/xfft_1_ooc.xdc] for cell 'U0'
Parsing XDC File [C:/Users/adria/vivadoAndrea/proyectoDigitales2/proyectoDigitales2.runs/xfft_1_synth_1/dont_touch.xdc]
Finished Parsing XDC File [C:/Users/adria/vivadoAndrea/proyectoDigitales2/proyectoDigitales2.runs/xfft_1_synth_1/dont_touch.xdc]
Completed Processing XDC Constraints

Netlist sorting complete. Time (s): cpu = 00:00:00 ; elapsed = 00:00:00.003 . Memory (MB): peak = 2773.430 ; gain = 0.000
INFO: [Project 1-111] Unisim Transformation Summary:
  A total of 86 instances were transformed.
  FD => FDRE: 2 instances
  FDE => FDRE: 62 instances
  FDR => FDRE: 22 instances

Constraint Validation Runtime : Time (s): cpu = 00:00:00 ; elapsed = 00:00:00.169 . Memory (MB): peak = 2773.430 ; gain = 0.000
INFO: [Designutils 20-5008] Incremental synthesis strategy off
---------------------------------------------------------------------------------
Finished Constraint Validation : Time (s): cpu = 00:01:40 ; elapsed = 00:01:49 . Memory (MB): peak = 2773.430 ; gain = 1844.094
---------------------------------------------------------------------------------
---------------------------------------------------------------------------------
Start Loading Part and Timing Information
---------------------------------------------------------------------------------
Loading part: xc7a35tcpg236-1
---------------------------------------------------------------------------------
Finished Loading Part and Timing Information : Time (s): cpu = 00:01:40 ; elapsed = 00:01:49 . Memory (MB): peak = 2773.430 ; gain = 1844.094
---------------------------------------------------------------------------------
---------------------------------------------------------------------------------
Start Applying 'set_property' XDC Constraints
---------------------------------------------------------------------------------
Applied set_property KEEP_HIERARCHY = SOFT for U0. (constraint file  C:/Users/adria/vivadoAndrea/proyectoDigitales2/proyectoDigitales2.runs/xfft_1_synth_1/dont_touch.xdc, line 9).
---------------------------------------------------------------------------------
Finished applying 'set_property' XDC Constraints : Time (s): cpu = 00:01:40 ; elapsed = 00:01:49 . Memory (MB): peak = 2773.430 ; gain = 1844.094
---------------------------------------------------------------------------------
---------------------------------------------------------------------------------
Finished RTL Optimization Phase 2 : Time (s): cpu = 00:01:43 ; elapsed = 00:01:53 . Memory (MB): peak = 2773.430 ; gain = 1844.094
---------------------------------------------------------------------------------
INFO: [Synth 8-223] decloning instance 'U0/i_synth/non_native_floating_point.xfft_inst/non_floating_point.arch_d.xfft_inst/FLOW/reset_sustain.resets_4_pes[2].delay_reset_pe/tc_compare' (logic_gate) to 'U0/i_synth/non_native_floating_point.xfft_inst/non_floating_point.arch_d.xfft_inst/FLOW/reset_sustain.resets_4_pes[2].delay_reset_pe/tc_compare1'
INFO: [Synth 8-223] decloning instance 'U0/i_synth/non_native_floating_point.xfft_inst/non_floating_point.arch_d.xfft_inst/FLOW/reset_sustain.resets_4_pes[1].delay_reset_pe/tc_compare' (logic_gate__parameterized0) to 'U0/i_synth/non_native_floating_point.xfft_inst/non_floating_point.arch_d.xfft_inst/FLOW/reset_sustain.resets_4_pes[1].delay_reset_pe/tc_compare1'
INFO: [Synth 8-223] decloning instance 'U0/i_synth/non_native_floating_point.xfft_inst/non_floating_point.arch_d.xfft_inst/FLOW/reset_sustain.resets_4_pes[0].delay_reset_pe/tc_compare' (logic_gate__parameterized1) to 'U0/i_synth/non_native_floating_point.xfft_inst/non_floating_point.arch_d.xfft_inst/FLOW/reset_sustain.resets_4_pes[0].delay_reset_pe/tc_compare1'
INFO: [Synth 8-223] decloning instance 'U0/i_synth/non_native_floating_point.xfft_inst/non_floating_point.arch_d.xfft_inst/FLOW/reset_sustain.delay_reset_3/tc_compare' (logic_gate__parameterized2) to 'U0/i_synth/non_native_floating_point.xfft_inst/non_floating_point.arch_d.xfft_inst/FLOW/reset_sustain.delay_reset_3/tc_compare1'
INFO: [Synth 8-223] decloning instance 'U0/i_synth/non_native_floating_point.xfft_inst/non_floating_point.arch_d.xfft_inst/FLOW/reset_sustain.delay_reset_7/tc_compare' (logic_gate__parameterized3) to 'U0/i_synth/non_native_floating_point.xfft_inst/non_floating_point.arch_d.xfft_inst/FLOW/reset_sustain.delay_reset_7/tc_compare1'
INFO: [Synth 8-223] decloning instance 'U0/i_synth/non_native_floating_point.xfft_inst/non_floating_point.arch_d.xfft_inst/pe_gen[2].natural_order_input.PE/SR2' (shift_ram__parameterized11) to 'U0/i_synth/non_native_floating_point.xfft_inst/non_floating_point.arch_d.xfft_inst/pe_gen[2].natural_order_input.PE/SR3'
---------------------------------------------------------------------------------
Start RTL Component Statistics 
---------------------------------------------------------------------------------
---------------------------------------------------------------------------------
Finished RTL Component Statistics 
---------------------------------------------------------------------------------
---------------------------------------------------------------------------------
Start Part Resource Summary
---------------------------------------------------------------------------------
Part Resources:
DSPs: 90 (col length:60)
BRAMs: 100 (col length: RAMB18 60 RAMB36 30)
---------------------------------------------------------------------------------
Finished Part Resource Summary
---------------------------------------------------------------------------------
---------------------------------------------------------------------------------
Start Cross Boundary and Area Optimization
---------------------------------------------------------------------------------
WARNING: [Synth 8-7080] Parallel synthesis criteria is not met
INFO: [Synth 8-3332] Sequential element (non_native_floating_point.xfft_inst/non_floating_point.arch_d.xfft_inst/FLOW/reset_sustain.resets_4_pes[2].delay_reset_pe/tc_reg1) is unused and will be removed from module xfft_v9_1_12_viv.
INFO: [Synth 8-3332] Sequential element (non_native_floating_point.xfft_inst/non_floating_point.arch_d.xfft_inst/FLOW/reset_sustain.resets_4_pes[1].delay_reset_pe/tc_reg1) is unused and will be removed from module xfft_v9_1_12_viv.
INFO: [Synth 8-3332] Sequential element (non_native_floating_point.xfft_inst/non_floating_point.arch_d.xfft_inst/FLOW/reset_sustain.resets_4_pes[0].delay_reset_pe/tc_reg1) is unused and will be removed from module xfft_v9_1_12_viv.
INFO: [Synth 8-3332] Sequential element (non_native_floating_point.xfft_inst/non_floating_point.arch_d.xfft_inst/FLOW/reset_sustain.delay_reset_3/tc_reg1) is unused and will be removed from module xfft_v9_1_12_viv.
INFO: [Synth 8-3332] Sequential element (non_native_floating_point.xfft_inst/non_floating_point.arch_d.xfft_inst/FLOW/reset_sustain.delay_reset_7/tc_reg1) is unused and will be removed from module xfft_v9_1_12_viv.
INFO: [Synth 8-3332] Sequential element (non_native_floating_point.xfft_inst/non_floating_point.arch_d.xfft_inst/pe0_bf1_addr_gen/no_sclr_lut.real_shift_ram.use_baseblock.use_hlutnm_srls.srl_loop[0].i_fdre0) is unused and will be removed from module xfft_v9_1_12_viv.
INFO: [Synth 8-3332] Sequential element (non_native_floating_point.xfft_inst/non_floating_point.arch_d.xfft_inst/pe0_bf1_addr_gen/no_sclr_lut.real_shift_ram.use_baseblock.use_hlutnm_srls.srl_loop[0].i_fdre1) is unused and will be removed from module xfft_v9_1_12_viv.
INFO: [Synth 8-3332] Sequential element (non_native_floating_point.xfft_inst/non_floating_point.arch_d.xfft_inst/pe0_bf1_addr_gen/no_sclr_lut.real_shift_ram.use_baseblock.use_hlutnm_srls.srl_loop[1].i_fdre0) is unused and will be removed from module xfft_v9_1_12_viv.
INFO: [Synth 8-3332] Sequential element (non_native_floating_point.xfft_inst/non_floating_point.arch_d.xfft_inst/pe0_bf1_addr_gen/no_sclr_lut.real_shift_ram.use_baseblock.use_hlutnm_srls.srl_loop[1].i_fdre1) is unused and will be removed from module xfft_v9_1_12_viv.
INFO: [Synth 8-3332] Sequential element (non_native_floating_point.xfft_inst/non_floating_point.arch_d.xfft_inst/pe_gen[0].natural_order_input.PE/scaling2bits.scaler_re/scale_mux/four_inputs.use_lut6.no_lut_sclr.four_to_one_mux[18].latency1.reg) is unused and will be removed from module xfft_v9_1_12_viv.
INFO: [Synth 8-3332] Sequential element (non_native_floating_point.xfft_inst/non_floating_point.arch_d.xfft_inst/pe_gen[0].natural_order_input.PE/scaling2bits.scaler_re/scale_mux/four_inputs.use_lut6.no_lut_sclr.four_to_one_mux[17].latency1.reg) is unused and will be removed from module xfft_v9_1_12_viv.
INFO: [Synth 8-3332] Sequential element (non_native_floating_point.xfft_inst/non_floating_point.arch_d.xfft_inst/pe_gen[0].natural_order_input.PE/scaling2bits.scaler_re/scale_mux/four_inputs.use_lut6.no_lut_sclr.four_to_one_mux[16].latency1.reg) is unused and will be removed from module xfft_v9_1_12_viv.
INFO: [Synth 8-3332] Sequential element (non_native_floating_point.xfft_inst/non_floating_point.arch_d.xfft_inst/pe_gen[0].natural_order_input.PE/scaling2bits.scaler_re/scale_mux/four_inputs.use_lut6.no_lut_sclr.four_to_one_mux[7].latency1.reg) is unused and will be removed from module xfft_v9_1_12_viv.
INFO: [Synth 8-3332] Sequential element (non_native_floating_point.xfft_inst/non_floating_point.arch_d.xfft_inst/pe_gen[0].natural_order_input.PE/scaling2bits.scaler_re/scale_mux/four_inputs.use_lut6.no_lut_sclr.four_to_one_mux[6].latency1.reg) is unused and will be removed from module xfft_v9_1_12_viv.
INFO: [Synth 8-3332] Sequential element (non_native_floating_point.xfft_inst/non_floating_point.arch_d.xfft_inst/pe_gen[0].natural_order_input.PE/scaling2bits.scaler_re/scale_mux/four_inputs.use_lut6.no_lut_sclr.four_to_one_mux[5].latency1.reg) is unused and will be removed from module xfft_v9_1_12_viv.
INFO: [Synth 8-3332] Sequential element (non_native_floating_point.xfft_inst/non_floating_point.arch_d.xfft_inst/pe_gen[0].natural_order_input.PE/scaling2bits.scaler_re/scale_mux/four_inputs.use_lut6.no_lut_sclr.four_to_one_mux[4].latency1.reg) is unused and will be removed from module xfft_v9_1_12_viv.
INFO: [Synth 8-3332] Sequential element (non_native_floating_point.xfft_inst/non_floating_point.arch_d.xfft_inst/pe_gen[0].natural_order_input.PE/scaling2bits.scaler_re/scale_mux/four_inputs.use_lut6.no_lut_sclr.four_to_one_mux[3].latency1.reg) is unused and will be removed from module xfft_v9_1_12_viv.
INFO: [Synth 8-3332] Sequential element (non_native_floating_point.xfft_inst/non_floating_point.arch_d.xfft_inst/pe_gen[0].natural_order_input.PE/scaling2bits.scaler_re/scale_mux/four_inputs.use_lut6.no_lut_sclr.four_to_one_mux[2].latency1.reg) is unused and will be removed from module xfft_v9_1_12_viv.
INFO: [Synth 8-3332] Sequential element (non_native_floating_point.xfft_inst/non_floating_point.arch_d.xfft_inst/pe_gen[0].natural_order_input.PE/scaling2bits.scaler_re/scale_mux/four_inputs.use_lut6.no_lut_sclr.four_to_one_mux[1].latency1.reg) is unused and will be removed from module xfft_v9_1_12_viv.
INFO: [Synth 8-3332] Sequential element (non_native_floating_point.xfft_inst/non_floating_point.arch_d.xfft_inst/pe_gen[0].natural_order_input.PE/scaling2bits.scaler_re/scale_mux/four_inputs.use_lut6.no_lut_sclr.four_to_one_mux[0].latency1.reg) is unused and will be removed from module xfft_v9_1_12_viv.
INFO: [Synth 8-3332] Sequential element (non_native_floating_point.xfft_inst/non_floating_point.arch_d.xfft_inst/pe_gen[0].natural_order_input.PE/scaling2bits.scaler_im/scale_mux/four_inputs.use_lut6.no_lut_sclr.four_to_one_mux[18].latency1.reg) is unused and will be removed from module xfft_v9_1_12_viv.
INFO: [Synth 8-3332] Sequential element (non_native_floating_point.xfft_inst/non_floating_point.arch_d.xfft_inst/pe_gen[0].natural_order_input.PE/scaling2bits.scaler_im/scale_mux/four_inputs.use_lut6.no_lut_sclr.four_to_one_mux[17].latency1.reg) is unused and will be removed from module xfft_v9_1_12_viv.
INFO: [Synth 8-3332] Sequential element (non_native_floating_point.xfft_inst/non_floating_point.arch_d.xfft_inst/pe_gen[0].natural_order_input.PE/scaling2bits.scaler_im/scale_mux/four_inputs.use_lut6.no_lut_sclr.four_to_one_mux[16].latency1.reg) is unused and will be removed from module xfft_v9_1_12_viv.
INFO: [Synth 8-3332] Sequential element (non_native_floating_point.xfft_inst/non_floating_point.arch_d.xfft_inst/pe_gen[0].natural_order_input.PE/scaling2bits.scaler_im/scale_mux/four_inputs.use_lut6.no_lut_sclr.four_to_one_mux[7].latency1.reg) is unused and will be removed from module xfft_v9_1_12_viv.
INFO: [Synth 8-3332] Sequential element (non_native_floating_point.xfft_inst/non_floating_point.arch_d.xfft_inst/pe_gen[0].natural_order_input.PE/scaling2bits.scaler_im/scale_mux/four_inputs.use_lut6.no_lut_sclr.four_to_one_mux[6].latency1.reg) is unused and will be removed from module xfft_v9_1_12_viv.
INFO: [Synth 8-3332] Sequential element (non_native_floating_point.xfft_inst/non_floating_point.arch_d.xfft_inst/pe_gen[0].natural_order_input.PE/scaling2bits.scaler_im/scale_mux/four_inputs.use_lut6.no_lut_sclr.four_to_one_mux[5].latency1.reg) is unused and will be removed from module xfft_v9_1_12_viv.
INFO: [Synth 8-3332] Sequential element (non_native_floating_point.xfft_inst/non_floating_point.arch_d.xfft_inst/pe_gen[0].natural_order_input.PE/scaling2bits.scaler_im/scale_mux/four_inputs.use_lut6.no_lut_sclr.four_to_one_mux[4].latency1.reg) is unused and will be removed from module xfft_v9_1_12_viv.
INFO: [Synth 8-3332] Sequential element (non_native_floating_point.xfft_inst/non_floating_point.arch_d.xfft_inst/pe_gen[0].natural_order_input.PE/scaling2bits.scaler_im/scale_mux/four_inputs.use_lut6.no_lut_sclr.four_to_one_mux[3].latency1.reg) is unused and will be removed from module xfft_v9_1_12_viv.
INFO: [Synth 8-3332] Sequential element (non_native_floating_point.xfft_inst/non_floating_point.arch_d.xfft_inst/pe_gen[0].natural_order_input.PE/scaling2bits.scaler_im/scale_mux/four_inputs.use_lut6.no_lut_sclr.four_to_one_mux[2].latency1.reg) is unused and will be removed from module xfft_v9_1_12_viv.
INFO: [Synth 8-3332] Sequential element (non_native_floating_point.xfft_inst/non_floating_point.arch_d.xfft_inst/pe_gen[0].natural_order_input.PE/scaling2bits.scaler_im/scale_mux/four_inputs.use_lut6.no_lut_sclr.four_to_one_mux[1].latency1.reg) is unused and will be removed from module xfft_v9_1_12_viv.
INFO: [Synth 8-3332] Sequential element (non_native_floating_point.xfft_inst/non_floating_point.arch_d.xfft_inst/pe_gen[0].natural_order_input.PE/scaling2bits.scaler_im/scale_mux/four_inputs.use_lut6.no_lut_sclr.four_to_one_mux[0].latency1.reg) is unused and will be removed from module xfft_v9_1_12_viv.
INFO: [Synth 8-3332] Sequential element (non_native_floating_point.xfft_inst/non_floating_point.arch_d.xfft_inst/pe_gen[0].natural_order_input.PE/has_scale_pipelining.has_tw_scale_reg.tw_scale_reg_gen[5].tw_scale_reg) is unused and will be removed from module xfft_v9_1_12_viv.
INFO: [Synth 8-3332] Sequential element (non_native_floating_point.xfft_inst/non_floating_point.arch_d.xfft_inst/pe_gen[1].natural_order_input.PE/delay_addr_bf2/no_sclr_lut.real_shift_ram.use_baseblock.use_hlutnm_srls.srl_loop[0].i_fdre0) is unused and will be removed from module xfft_v9_1_12_viv.
INFO: [Synth 8-3332] Sequential element (non_native_floating_point.xfft_inst/non_floating_point.arch_d.xfft_inst/pe_gen[1].natural_order_input.PE/delay_addr_tw/no_sclr_lut.real_shift_ram.use_baseblock.use_hlutnm_srls.srl_loop[0].i_fdre0) is unused and will be removed from module xfft_v9_1_12_viv.
INFO: [Synth 8-3332] Sequential element (non_native_floating_point.xfft_inst/non_floating_point.arch_d.xfft_inst/pe_gen[1].natural_order_input.PE/delay_addr_tw/no_sclr_lut.real_shift_ram.use_baseblock.use_hlutnm_srls.srl_loop[0].i_fdre1) is unused and will be removed from module xfft_v9_1_12_viv.
INFO: [Synth 8-3332] Sequential element (non_native_floating_point.xfft_inst/non_floating_point.arch_d.xfft_inst/pe_gen[1].natural_order_input.PE/delay_addr_tw/no_sclr_lut.real_shift_ram.use_baseblock.use_hlutnm_srls.runt_srl_loop.i_fdre) is unused and will be removed from module xfft_v9_1_12_viv.
INFO: [Synth 8-3332] Sequential element (non_native_floating_point.xfft_inst/non_floating_point.arch_d.xfft_inst/pe_gen[1].natural_order_input.PE/scaling2bits.scaler_re/scale_mux/four_inputs.use_lut6.no_lut_sclr.four_to_one_mux[18].latency1.reg) is unused and will be removed from module xfft_v9_1_12_viv.
INFO: [Synth 8-3332] Sequential element (non_native_floating_point.xfft_inst/non_floating_point.arch_d.xfft_inst/pe_gen[1].natural_order_input.PE/scaling2bits.scaler_re/scale_mux/four_inputs.use_lut6.no_lut_sclr.four_to_one_mux[17].latency1.reg) is unused and will be removed from module xfft_v9_1_12_viv.
INFO: [Synth 8-3332] Sequential element (non_native_floating_point.xfft_inst/non_floating_point.arch_d.xfft_inst/pe_gen[1].natural_order_input.PE/scaling2bits.scaler_re/scale_mux/four_inputs.use_lut6.no_lut_sclr.four_to_one_mux[16].latency1.reg) is unused and will be removed from module xfft_v9_1_12_viv.
INFO: [Synth 8-3332] Sequential element (non_native_floating_point.xfft_inst/non_floating_point.arch_d.xfft_inst/pe_gen[1].natural_order_input.PE/scaling2bits.scaler_re/scale_mux/four_inputs.use_lut6.no_lut_sclr.four_to_one_mux[7].latency1.reg) is unused and will be removed from module xfft_v9_1_12_viv.
INFO: [Synth 8-3332] Sequential element (non_native_floating_point.xfft_inst/non_floating_point.arch_d.xfft_inst/pe_gen[1].natural_order_input.PE/scaling2bits.scaler_re/scale_mux/four_inputs.use_lut6.no_lut_sclr.four_to_one_mux[6].latency1.reg) is unused and will be removed from module xfft_v9_1_12_viv.
INFO: [Synth 8-3332] Sequential element (non_native_floating_point.xfft_inst/non_floating_point.arch_d.xfft_inst/pe_gen[1].natural_order_input.PE/scaling2bits.scaler_re/scale_mux/four_inputs.use_lut6.no_lut_sclr.four_to_one_mux[5].latency1.reg) is unused and will be removed from module xfft_v9_1_12_viv.
INFO: [Synth 8-3332] Sequential element (non_native_floating_point.xfft_inst/non_floating_point.arch_d.xfft_inst/pe_gen[1].natural_order_input.PE/scaling2bits.scaler_re/scale_mux/four_inputs.use_lut6.no_lut_sclr.four_to_one_mux[4].latency1.reg) is unused and will be removed from module xfft_v9_1_12_viv.
INFO: [Synth 8-3332] Sequential element (non_native_floating_point.xfft_inst/non_floating_point.arch_d.xfft_inst/pe_gen[1].natural_order_input.PE/scaling2bits.scaler_re/scale_mux/four_inputs.use_lut6.no_lut_sclr.four_to_one_mux[3].latency1.reg) is unused and will be removed from module xfft_v9_1_12_viv.
INFO: [Synth 8-3332] Sequential element (non_native_floating_point.xfft_inst/non_floating_point.arch_d.xfft_inst/pe_gen[1].natural_order_input.PE/scaling2bits.scaler_re/scale_mux/four_inputs.use_lut6.no_lut_sclr.four_to_one_mux[2].latency1.reg) is unused and will be removed from module xfft_v9_1_12_viv.
INFO: [Synth 8-3332] Sequential element (non_native_floating_point.xfft_inst/non_floating_point.arch_d.xfft_inst/pe_gen[1].natural_order_input.PE/scaling2bits.scaler_re/scale_mux/four_inputs.use_lut6.no_lut_sclr.four_to_one_mux[1].latency1.reg) is unused and will be removed from module xfft_v9_1_12_viv.
INFO: [Synth 8-3332] Sequential element (non_native_floating_point.xfft_inst/non_floating_point.arch_d.xfft_inst/pe_gen[1].natural_order_input.PE/scaling2bits.scaler_re/scale_mux/four_inputs.use_lut6.no_lut_sclr.four_to_one_mux[0].latency1.reg) is unused and will be removed from module xfft_v9_1_12_viv.
INFO: [Synth 8-3332] Sequential element (non_native_floating_point.xfft_inst/non_floating_point.arch_d.xfft_inst/pe_gen[1].natural_order_input.PE/scaling2bits.scaler_im/scale_mux/four_inputs.use_lut6.no_lut_sclr.four_to_one_mux[18].latency1.reg) is unused and will be removed from module xfft_v9_1_12_viv.
INFO: [Synth 8-3332] Sequential element (non_native_floating_point.xfft_inst/non_floating_point.arch_d.xfft_inst/pe_gen[1].natural_order_input.PE/scaling2bits.scaler_im/scale_mux/four_inputs.use_lut6.no_lut_sclr.four_to_one_mux[17].latency1.reg) is unused and will be removed from module xfft_v9_1_12_viv.
INFO: [Synth 8-3332] Sequential element (non_native_floating_point.xfft_inst/non_floating_point.arch_d.xfft_inst/pe_gen[1].natural_order_input.PE/scaling2bits.scaler_im/scale_mux/four_inputs.use_lut6.no_lut_sclr.four_to_one_mux[16].latency1.reg) is unused and will be removed from module xfft_v9_1_12_viv.
INFO: [Synth 8-3332] Sequential element (non_native_floating_point.xfft_inst/non_floating_point.arch_d.xfft_inst/pe_gen[1].natural_order_input.PE/scaling2bits.scaler_im/scale_mux/four_inputs.use_lut6.no_lut_sclr.four_to_one_mux[7].latency1.reg) is unused and will be removed from module xfft_v9_1_12_viv.
INFO: [Synth 8-3332] Sequential element (non_native_floating_point.xfft_inst/non_floating_point.arch_d.xfft_inst/pe_gen[1].natural_order_input.PE/scaling2bits.scaler_im/scale_mux/four_inputs.use_lut6.no_lut_sclr.four_to_one_mux[6].latency1.reg) is unused and will be removed from module xfft_v9_1_12_viv.
INFO: [Synth 8-3332] Sequential element (non_native_floating_point.xfft_inst/non_floating_point.arch_d.xfft_inst/pe_gen[1].natural_order_input.PE/scaling2bits.scaler_im/scale_mux/four_inputs.use_lut6.no_lut_sclr.four_to_one_mux[5].latency1.reg) is unused and will be removed from module xfft_v9_1_12_viv.
INFO: [Synth 8-3332] Sequential element (non_native_floating_point.xfft_inst/non_floating_point.arch_d.xfft_inst/pe_gen[1].natural_order_input.PE/scaling2bits.scaler_im/scale_mux/four_inputs.use_lut6.no_lut_sclr.four_to_one_mux[4].latency1.reg) is unused and will be removed from module xfft_v9_1_12_viv.
INFO: [Synth 8-3332] Sequential element (non_native_floating_point.xfft_inst/non_floating_point.arch_d.xfft_inst/pe_gen[1].natural_order_input.PE/scaling2bits.scaler_im/scale_mux/four_inputs.use_lut6.no_lut_sclr.four_to_one_mux[3].latency1.reg) is unused and will be removed from module xfft_v9_1_12_viv.
INFO: [Synth 8-3332] Sequential element (non_native_floating_point.xfft_inst/non_floating_point.arch_d.xfft_inst/pe_gen[1].natural_order_input.PE/scaling2bits.scaler_im/scale_mux/four_inputs.use_lut6.no_lut_sclr.four_to_one_mux[2].latency1.reg) is unused and will be removed from module xfft_v9_1_12_viv.
INFO: [Synth 8-3332] Sequential element (non_native_floating_point.xfft_inst/non_floating_point.arch_d.xfft_inst/pe_gen[1].natural_order_input.PE/scaling2bits.scaler_im/scale_mux/four_inputs.use_lut6.no_lut_sclr.four_to_one_mux[1].latency1.reg) is unused and will be removed from module xfft_v9_1_12_viv.
INFO: [Synth 8-3332] Sequential element (non_native_floating_point.xfft_inst/non_floating_point.arch_d.xfft_inst/pe_gen[1].natural_order_input.PE/scaling2bits.scaler_im/scale_mux/four_inputs.use_lut6.no_lut_sclr.four_to_one_mux[0].latency1.reg) is unused and will be removed from module xfft_v9_1_12_viv.
INFO: [Synth 8-3332] Sequential element (non_native_floating_point.xfft_inst/non_floating_point.arch_d.xfft_inst/pe_gen[1].natural_order_input.PE/has_scale_pipelining.has_tw_scale_reg.tw_scale_reg_gen[3].tw_scale_reg) is unused and will be removed from module xfft_v9_1_12_viv.
INFO: [Synth 8-3332] Sequential element (non_native_floating_point.xfft_inst/non_floating_point.arch_d.xfft_inst/pe_gen[2].natural_order_input.PE/has_scale_pipelining.pe_scale_delay/no_sclr_lut.real_shift_ram.use_baseblock.use_hlutnm_srls.srl_loop[0].i_fdre1) is unused and will be removed from module xfft_v9_1_12_viv.
INFO: [Synth 8-3332] Sequential element (non_native_floating_point.xfft_inst/non_floating_point.arch_d.xfft_inst/pe_gen[2].natural_order_input.PE/has_scale_pipelining.pe_ovflo_delay/no_sclr_lut.real_shift_ram.use_baseblock.use_hlutnm_srls.runt_srl_loop.i_fdre) is unused and will be removed from module xfft_v9_1_12_viv.
INFO: [Synth 8-3332] Sequential element (non_native_floating_point.xfft_inst/non_floating_point.arch_d.xfft_inst/pe_gen[2].natural_order_input.PE/delay_addr_bf2/no_sclr_lut.real_shift_ram.use_baseblock.use_hlutnm_srls.runt_srl_loop.i_fdre) is unused and will be removed from module xfft_v9_1_12_viv.
INFO: [Synth 8-3332] Sequential element (non_native_floating_point.xfft_inst/non_floating_point.arch_d.xfft_inst/pe_gen[2].natural_order_input.PE/delay_addr_tw/no_sclr_lut.real_shift_ram.use_baseblock.use_hlutnm_srls.runt_srl_loop.i_fdre) is unused and will be removed from module xfft_v9_1_12_viv.
INFO: [Synth 8-3332] Sequential element (non_native_floating_point.xfft_inst/non_floating_point.arch_d.xfft_inst/has_bit_reverse.REG3/need_sclr_lut.real_shift_ram.d3plus.use_hlutnm_srls.srl_loop[0].i_fdre0) is unused and will be removed from module xfft_v9_1_12_viv.
INFO: [Synth 8-3332] Sequential element (non_native_floating_point.xfft_inst/non_floating_point.arch_d.xfft_inst/has_bit_reverse.REG3/need_sclr_lut.real_shift_ram.d3plus.use_hlutnm_srls.srl_loop[0].i_fdre1) is unused and will be removed from module xfft_v9_1_12_viv.
INFO: [Synth 8-3332] Sequential element (non_native_floating_point.xfft_inst/non_floating_point.arch_d.xfft_inst/has_bit_reverse.REG3/need_sclr_lut.real_shift_ram.d3plus.use_hlutnm_srls.srl_loop[1].i_fdre0) is unused and will be removed from module xfft_v9_1_12_viv.
INFO: [Synth 8-3332] Sequential element (non_native_floating_point.xfft_inst/non_floating_point.arch_d.xfft_inst/has_bit_reverse.REG3/need_sclr_lut.real_shift_ram.d3plus.use_hlutnm_srls.srl_loop[1].i_fdre1) is unused and will be removed from module xfft_v9_1_12_viv.
INFO: [Synth 8-3332] Sequential element (non_native_floating_point.xfft_inst/non_floating_point.arch_d.xfft_inst/has_bit_reverse.REG3/need_sclr_lut.real_shift_ram.d3plus.use_hlutnm_srls.runt_srl_loop.i_fdre) is unused and will be removed from module xfft_v9_1_12_viv.
INFO: [Synth 8-3332] Sequential element (non_native_floating_point.xfft_inst/non_floating_point.arch_d.xfft_inst/has_bit_reverse.REG3/need_sclr_lut.real_shift_ram.FF_gen[4].reg) is unused and will be removed from module xfft_v9_1_12_viv.
INFO: [Synth 8-3332] Sequential element (non_native_floating_point.xfft_inst/non_floating_point.arch_d.xfft_inst/has_bit_reverse.REG3/need_sclr_lut.real_shift_ram.FF_gen[3].reg) is unused and will be removed from module xfft_v9_1_12_viv.
INFO: [Synth 8-3332] Sequential element (non_native_floating_point.xfft_inst/non_floating_point.arch_d.xfft_inst/has_bit_reverse.REG3/need_sclr_lut.real_shift_ram.FF_gen[2].reg) is unused and will be removed from module xfft_v9_1_12_viv.
INFO: [Synth 8-3332] Sequential element (non_native_floating_point.xfft_inst/non_floating_point.arch_d.xfft_inst/has_bit_reverse.REG3/need_sclr_lut.real_shift_ram.FF_gen[1].reg) is unused and will be removed from module xfft_v9_1_12_viv.
INFO: [Synth 8-3332] Sequential element (non_native_floating_point.xfft_inst/non_floating_point.arch_d.xfft_inst/has_bit_reverse.REG3/need_sclr_lut.real_shift_ram.FF_gen[0].reg) is unused and will be removed from module xfft_v9_1_12_viv.
INFO: [Synth 8-3332] Sequential element (non_native_floating_point.xfft_inst/non_floating_point.arch_d.xfft_inst/has_bit_reverse.busy_gen/proc_start_delay/need_sclr_lut.real_shift_ram.FF_gen[0].reg) is unused and will be removed from module xfft_v9_1_12_viv.
---------------------------------------------------------------------------------
Finished Cross Boundary and Area Optimization : Time (s): cpu = 00:01:48 ; elapsed = 00:01:58 . Memory (MB): peak = 2773.430 ; gain = 1844.094
---------------------------------------------------------------------------------
---------------------------------------------------------------------------------
Start Applying XDC Timing Constraints
---------------------------------------------------------------------------------
---------------------------------------------------------------------------------
Finished Applying XDC Timing Constraints : Time (s): cpu = 00:01:59 ; elapsed = 00:02:09 . Memory (MB): peak = 2773.430 ; gain = 1844.094
---------------------------------------------------------------------------------
---------------------------------------------------------------------------------
Start Timing Optimization
---------------------------------------------------------------------------------
---------------------------------------------------------------------------------
Finished Timing Optimization : Time (s): cpu = 00:02:01 ; elapsed = 00:02:11 . Memory (MB): peak = 2773.430 ; gain = 1844.094
---------------------------------------------------------------------------------
---------------------------------------------------------------------------------
Start Technology Mapping
---------------------------------------------------------------------------------
---------------------------------------------------------------------------------
Finished Technology Mapping : Time (s): cpu = 00:02:02 ; elapsed = 00:02:12 . Memory (MB): peak = 2773.430 ; gain = 1844.094
---------------------------------------------------------------------------------
---------------------------------------------------------------------------------
Start IO Insertion
---------------------------------------------------------------------------------
---------------------------------------------------------------------------------
Start Flattening Before IO Insertion
---------------------------------------------------------------------------------
---------------------------------------------------------------------------------
Finished Flattening Before IO Insertion
---------------------------------------------------------------------------------
---------------------------------------------------------------------------------
Start Final Netlist Cleanup
---------------------------------------------------------------------------------
---------------------------------------------------------------------------------
Finished Final Netlist Cleanup
---------------------------------------------------------------------------------
---------------------------------------------------------------------------------
Finished IO Insertion : Time (s): cpu = 00:02:09 ; elapsed = 00:02:20 . Memory (MB): peak = 2773.430 ; gain = 1844.094
---------------------------------------------------------------------------------
---------------------------------------------------------------------------------
Start Renaming Generated Instances
---------------------------------------------------------------------------------
---------------------------------------------------------------------------------
Finished Renaming Generated Instances : Time (s): cpu = 00:02:09 ; elapsed = 00:02:20 . Memory (MB): peak = 2773.430 ; gain = 1844.094
---------------------------------------------------------------------------------
---------------------------------------------------------------------------------
Start Rebuilding User Hierarchy
---------------------------------------------------------------------------------
---------------------------------------------------------------------------------
Finished Rebuilding User Hierarchy : Time (s): cpu = 00:02:10 ; elapsed = 00:02:20 . Memory (MB): peak = 2773.430 ; gain = 1844.094
---------------------------------------------------------------------------------
---------------------------------------------------------------------------------
Start Renaming Generated Ports
---------------------------------------------------------------------------------
---------------------------------------------------------------------------------
Finished Renaming Generated Ports : Time (s): cpu = 00:02:10 ; elapsed = 00:02:20 . Memory (MB): peak = 2773.430 ; gain = 1844.094
---------------------------------------------------------------------------------
---------------------------------------------------------------------------------
Start Handling Custom Attributes
---------------------------------------------------------------------------------
---------------------------------------------------------------------------------
Finished Handling Custom Attributes : Time (s): cpu = 00:02:10 ; elapsed = 00:02:20 . Memory (MB): peak = 2773.430 ; gain = 1844.094
---------------------------------------------------------------------------------
---------------------------------------------------------------------------------
Start Renaming Generated Nets
---------------------------------------------------------------------------------
---------------------------------------------------------------------------------
Finished Renaming Generated Nets : Time (s): cpu = 00:02:10 ; elapsed = 00:02:20 . Memory (MB): peak = 2773.430 ; gain = 1844.094
---------------------------------------------------------------------------------
---------------------------------------------------------------------------------
Start Writing Synthesis Report
---------------------------------------------------------------------------------

DSP Final Report (the ' indicates corresponding REG is set)
+------------------------+--------------------------+--------+--------+--------+--------+--------+------+------+------+------+-------+------+------+
|Module Name             | DSP Mapping              | A Size | B Size | C Size | D Size | P Size | AREG | BREG | CREG | DREG | ADREG | MREG | PREG | 
+------------------------+--------------------------+--------+--------+--------+--------+--------+------+------+------+------+-------+------+------+
|dsp_116                 | (C'-(((D'+A'')'*B'')'))' | 25     | 18     | 48     | 25     | 43     | 2    | 2    | 2    | 2    | 1     | 1    | 1    | 
|dsp__parameterized0_115 | (C+((D'+A')'*B'')')'     | 25     | 18     | 1      | 25     | 43     | 1    | 2    | 2    | 2    | 1     | 1    | 1    | 
|dsp__parameterized1_113 | (C'+((D'-A'')'*B'')')'   | 25     | 18     | 48     | 25     | 43     | 2    | 2    | 2    | 2    | 1     | 1    | 1    | 
|dsp                     | (C'-(((D'+A'')'*B'')'))' | 25     | 18     | 48     | 25     | 43     | 2    | 2    | 2    | 2    | 1     | 1    | 1    | 
|dsp__parameterized0     | (C+((D'+A')'*B'')')'     | 25     | 18     | 1      | 25     | 43     | 1    | 2    | 2    | 2    | 1     | 1    | 1    | 
|dsp__parameterized1     | (C'+((D'-A'')'*B'')')'   | 25     | 18     | 48     | 25     | 43     | 2    | 2    | 2    | 2    | 1     | 1    | 1    | 
+------------------------+--------------------------+--------+--------+--------+--------+--------+------+------+------+------+-------+------+------+


Report BlackBoxes: 
+-+--------------+----------+
| |BlackBox name |Instances |
+-+--------------+----------+
+-+--------------+----------+

Report Cell Usage: 
+------+---------+------+
|      |Cell     |Count |
+------+---------+------+
|1     |DSP48E1  |     6|
|3     |LUT1     |    16|
|4     |LUT2     |   174|
|5     |LUT3     |   262|
|6     |LUT4     |    81|
|7     |LUT5     |    31|
|8     |LUT6     |   110|
|9     |MUXCY    |   208|
|10    |RAMB18E1 |     1|
|11    |SRL16E   |   234|
|12    |SRLC32E  |    30|
|13    |XORCY    |   209|
|14    |FD       |     2|
|15    |FDE      |    55|
|16    |FDR      |    16|
|17    |FDRE     |  1205|
|18    |FDSE     |    32|
+------+---------+------+
---------------------------------------------------------------------------------
Finished Writing Synthesis Report : Time (s): cpu = 00:02:10 ; elapsed = 00:02:20 . Memory (MB): peak = 2773.430 ; gain = 1844.094
---------------------------------------------------------------------------------
Synthesis finished with 0 errors, 0 critical warnings and 523 warnings.
Synthesis Optimization Runtime : Time (s): cpu = 00:00:38 ; elapsed = 00:02:16 . Memory (MB): peak = 2773.430 ; gain = 1844.094
Synthesis Optimization Complete : Time (s): cpu = 00:02:10 ; elapsed = 00:02:21 . Memory (MB): peak = 2773.430 ; gain = 1844.094
INFO: [Project 1-571] Translating synthesized netlist
Netlist sorting complete. Time (s): cpu = 00:00:00 ; elapsed = 00:00:00.042 . Memory (MB): peak = 2773.430 ; gain = 0.000
INFO: [Netlist 29-17] Analyzing 497 Unisim elements for replacement
INFO: [Netlist 29-28] Unisim Transformation completed in 0 CPU seconds
INFO: [Project 1-570] Preparing netlist for logic optimization
INFO: [Opt 31-138] Pushed 0 inverter(s) to 0 load pin(s).
Netlist sorting complete. Time (s): cpu = 00:00:00 ; elapsed = 00:00:00.003 . Memory (MB): peak = 2773.430 ; gain = 0.000
INFO: [Project 1-111] Unisim Transformation Summary:
  A total of 151 instances were transformed.
  (MUXCY,XORCY) => CARRY4: 78 instances
  FD => FDRE: 2 instances
  FDE => FDRE: 55 instances
  FDR => FDRE: 16 instances

Synth Design complete | Checksum: f467df29
INFO: [Common 17-83] Releasing license: Synthesis
105 Infos, 106 Warnings, 0 Critical Warnings and 0 Errors encountered.
synth_design completed successfully
synth_design: Time (s): cpu = 00:02:19 ; elapsed = 00:02:30 . Memory (MB): peak = 2773.430 ; gain = 2247.969
Write ShapeDB Complete: Time (s): cpu = 00:00:00 ; elapsed = 00:00:00.014 . Memory (MB): peak = 2773.430 ; gain = 0.000
INFO: [Common 17-1381] The checkpoint 'C:/Users/adria/vivadoAndrea/proyectoDigitales2/proyectoDigitales2.runs/xfft_1_synth_1/xfft_1.dcp' has been generated.
INFO: [Coretcl 2-1648] Added synthesis output to IP cache for IP xfft_1, cache-ID = 58f6adbfe28e6bd4
INFO: [Coretcl 2-1174] Renamed 389 cell refs.
Write ShapeDB Complete: Time (s): cpu = 00:00:00 ; elapsed = 00:00:00.012 . Memory (MB): peak = 2773.430 ; gain = 0.000
INFO: [Common 17-1381] The checkpoint 'C:/Users/adria/vivadoAndrea/proyectoDigitales2/proyectoDigitales2.runs/xfft_1_synth_1/xfft_1.dcp' has been generated.
INFO: [Vivado 12-24828] Executing command : report_utilization -file xfft_1_utilization_synth.rpt -pb xfft_1_utilization_synth.pb
INFO: [Common 17-206] Exiting Vivado at Tue Nov 26 21:09:16 2024...
